<?xml version="1.0" encoding="UTF-8"?>
<!-- Generated by org.testng.reporters.JUnitReportReporter -->
<testsuite hostname="DESKTOP-E8MFLFL" failures="0" tests="1" name="Api.Test.Assuredapitesting" time="6.076" errors="0" timestamp="2022-08-24T19:45:29 EET" skipped="0">
  <testcase classname="Api.Test.Assuredapitesting" name="test_01" time="6.076"/>
  <system-out/>
</testsuite> <!-- Api.Test.Assuredapitesting -->
