<?xml version="1.0" encoding="UTF-8"?>
<!-- Generated by org.testng.reporters.JUnitReportReporter -->
<testsuite hostname="DESKTOP-E8MFLFL" failures="0" tests="9" name="tests.Testvodafone" time="8.055" errors="0" timestamp="2022-08-27T04:54:26 EET" skipped="0">
  <testcase classname="tests.Testvodafone" name="runvodafonetest1" time="1.491"/>
  <system-out/>
  <testcase classname="tests.Testvodafone" name="runvodafonetest2" time="1.493"/>
  <system-out/>
  <testcase classname="tests.Testvodafone" name="runchecktoproceed" time="2.215"/>
  <system-out/>
  <testcase classname="tests.Testvodafone" name="runselectoptions1" time="0.584"/>
  <system-out/>
  <testcase classname="tests.Testvodafone" name="runselectoptions2" time="0.145"/>
  <system-out/>
  <testcase classname="tests.Testvodafone" name="rundeliverbutton" time="0.177"/>
  <system-out/>
  <testcase classname="tests.Testvodafone" name="runfillingaddress" time="0.580"/>
  <system-out/>
  <testcase classname="tests.Testvodafone" name="runcontinuebtn" time="0.158"/>
  <system-out/>
  <testcase classname="tests.Testvodafone" name="runpersonalinfo" time="1.212"/>
  <system-out/>
</testsuite> <!-- tests.Testvodafone -->
